<?xml version="1.0" encoding="utf-8"?><testsuites><testsuite errors="0" failures="0" hostname="LAPTOP-A4CGD903" name="pytest" skipped="0" tests="4" time="23.732" timestamp="2020-05-13T17:34:10.354929"><testcase classname="test_submit" file="test_submit.py" line="3" name="test_q1" time="0.061"></testcase><testcase classname="test_submit" file="test_submit.py" line="8" name="test_q2" time="0.029"></testcase><testcase classname="test_submit" file="test_submit.py" line="13" name="test_q3" time="0.065"></testcase><testcase classname="test_submit" file="test_submit.py" line="18" name="test_q4" time="0.302"></testcase></testsuite></testsuites>